




============================ 1246112634 ==============================




0: soplex sAppRun[0].aiTIDs[0] (#1) was at -1-th core for 1 intervals
0: sphinx sAppRun[1].aiTIDs[0] (#1) was at -1-th core for 1 intervals
0: gamess sAppRun[2].aiTIDs[0] (#1) was at -1-th core for 1 intervals
0: soplex2 sAppRun[4].aiTIDs[0] (#1) was at -1-th core for 1 intervals
0: sphinx2 sAppRun[5].aiTIDs[0] (#1) was at -1-th core for 1 intervals
0: gamess2 sAppRun[6].aiTIDs[0] (#1) was at -1-th core for 1 intervals
0: namd2 sAppRun[7].aiTIDs[0] (#1) was at -1-th core for 1 intervals
2: namd sAppRun[3].aiTIDs[0] (#1) was at -1-th core for 1 intervals
60000: soplex sAppRun[0].aiTIDs[0] (#1) was at 14-th core for 60000 intervals
60000: sphinx sAppRun[1].aiTIDs[0] (#1) was at 3-th core for 60000 intervals
60000: gamess sAppRun[2].aiTIDs[0] (#1) was at 10-th core for 60000 intervals
60000: soplex2 sAppRun[4].aiTIDs[0] (#1) was at 6-th core for 60000 intervals
60000: sphinx2 sAppRun[5].aiTIDs[0] (#1) was at 7-th core for 60000 intervals
60000: gamess2 sAppRun[6].aiTIDs[0] (#1) was at 11-th core for 60000 intervals
60000: namd2 sAppRun[7].aiTIDs[0] (#1) was at 2-th core for 60000 intervals
60002: namd sAppRun[3].aiTIDs[0] (#1) was at 15-th core for 60000 intervals
75830: gamess sAppRun[2].aiTIDs[0] (#1) was at 10-th core for 15830 intervals
75834: gamess sAppRun[2].aiTIDs[0] (#2) was at -1-th core for 3 intervals
79982: gamess2 sAppRun[6].aiTIDs[0] (#1) was at 11-th core for 19982 intervals
79985: gamess2 sAppRun[6].aiTIDs[0] (#2) was at -1-th core for 2 intervals
101610: soplex2 sAppRun[4].aiTIDs[0] (#1) was at 6-th core for 41610 intervals
101612: namd sAppRun[3].aiTIDs[0] (#1) was at 15-th core for 41610 intervals
101612: soplex2 sAppRun[4].aiTIDs[0] (#2) was at -1-th core for 1 intervals
101613: soplex2 sAppRun[4].aiTIDs[0] (#2) was at 2-th core for 1 intervals
101644: sphinx sAppRun[1].aiTIDs[0] (#1) was at 3-th core for 41644 intervals
101645: gamess sAppRun[2].aiTIDs[0] (#2) was at 10-th core for 25811 intervals
110927: soplex sAppRun[0].aiTIDs[0] (#1) was at 14-th core for 50927 intervals
110929: soplex sAppRun[0].aiTIDs[0] (#2) was at -1-th core for 1 intervals
120000: sphinx2 sAppRun[5].aiTIDs[0] (#1) was at 7-th core for 60000 intervals
120000: namd2 sAppRun[7].aiTIDs[0] (#1) was at 2-th core for 60000 intervals
139985: gamess2 sAppRun[6].aiTIDs[0] (#2) was at 11-th core for 60000 intervals
158889: gamess sAppRun[2].aiTIDs[0] (#2) was at 3-th core for 57244 intervals
158892: gamess sAppRun[2].aiTIDs[0] (#3) was at -1-th core for 2 intervals
161612: namd sAppRun[3].aiTIDs[0] (#1) was at 6-th core for 60000 intervals
161613: soplex2 sAppRun[4].aiTIDs[0] (#2) was at 15-th core for 60000 intervals
161644: sphinx sAppRun[1].aiTIDs[0] (#1) was at 10-th core for 60000 intervals
163260: gamess2 sAppRun[6].aiTIDs[0] (#2) was at 11-th core for 23275 intervals
163262: gamess2 sAppRun[6].aiTIDs[0] (#3) was at -1-th core for 1 intervals
170929: soplex sAppRun[0].aiTIDs[0] (#2) was at 14-th core for 60000 intervals
180000: sphinx2 sAppRun[5].aiTIDs[0] (#1) was at 7-th core for 60000 intervals
180000: namd2 sAppRun[7].aiTIDs[0] (#1) was at 2-th core for 60000 intervals
216055: soplex sAppRun[0].aiTIDs[0] (#2) was at 14-th core for 45126 intervals
216059: soplex sAppRun[0].aiTIDs[0] (#3) was at -1-th core for 3 intervals
218892: gamess sAppRun[2].aiTIDs[0] (#3) was at 3-th core for 60000 intervals
220327: soplex2 sAppRun[4].aiTIDs[0] (#2) was at 15-th core for 58714 intervals
220328: namd sAppRun[3].aiTIDs[0] (#1) was at 6-th core for 58716 intervals
220329: soplex2 sAppRun[4].aiTIDs[0] (#3) was at -1-th core for 1 intervals
220343: sphinx sAppRun[1].aiTIDs[0] (#1) was at 10-th core for 58699 intervals
220343: namd sAppRun[3].aiTIDs[0] (#1) was at 15-th core for 15 intervals
223262: gamess2 sAppRun[6].aiTIDs[0] (#3) was at 11-th core for 60000 intervals
225367: namd2 sAppRun[7].aiTIDs[0] (#1) was at 2-th core for 45367 intervals
225370: namd2 sAppRun[7].aiTIDs[0] (#2) was at -1-th core for 2 intervals
240000: sphinx2 sAppRun[5].aiTIDs[0] (#1) was at 7-th core for 60000 intervals
241362: namd sAppRun[3].aiTIDs[0] (#1) was at 10-th core for 21019 intervals
241365: namd sAppRun[3].aiTIDs[0] (#2) was at -1-th core for 2 intervals
242457: gamess sAppRun[2].aiTIDs[0] (#3) was at 3-th core for 23565 intervals
242459: gamess sAppRun[2].aiTIDs[0] (#4) was at -1-th core for 1 intervals
242460: gamess sAppRun[2].aiTIDs[0] (#4) was at 2-th core for 1 intervals
246528: gamess2 sAppRun[6].aiTIDs[0] (#3) was at 11-th core for 23266 intervals
246532: gamess2 sAppRun[6].aiTIDs[0] (#4) was at -1-th core for 3 intervals
276059: soplex sAppRun[0].aiTIDs[0] (#3) was at 14-th core for 60000 intervals
280329: soplex2 sAppRun[4].aiTIDs[0] (#3) was at 6-th core for 60000 intervals
280343: sphinx sAppRun[1].aiTIDs[0] (#1) was at 15-th core for 60000 intervals
285370: namd2 sAppRun[7].aiTIDs[0] (#2) was at 2-th core for 60000 intervals
300000: sphinx2 sAppRun[5].aiTIDs[0] (#1) was at 7-th core for 60000 intervals
301365: namd sAppRun[3].aiTIDs[0] (#2) was at 10-th core for 60000 intervals
302460: gamess sAppRun[2].aiTIDs[0] (#4) was at 3-th core for 60000 intervals
306532: gamess2 sAppRun[6].aiTIDs[0] (#4) was at 11-th core for 60000 intervals
325308: gamess sAppRun[2].aiTIDs[0] (#4) was at 3-th core for 22848 intervals
325310: gamess sAppRun[2].aiTIDs[0] (#5) was at -1-th core for 1 intervals
329407: gamess2 sAppRun[6].aiTIDs[0] (#4) was at 11-th core for 22875 intervals
329410: gamess2 sAppRun[6].aiTIDs[0] (#5) was at -1-th core for 2 intervals
329867: soplex sAppRun[0].aiTIDs[0] (#3) was at 14-th core for 53808 intervals
329869: soplex sAppRun[0].aiTIDs[0] (#4) was at -1-th core for 1 intervals
329870: soplex sAppRun[0].aiTIDs[0] (#4) was at 14-th core for 1 intervals
329870: gamess2 sAppRun[6].aiTIDs[0] (#5) was at 11-th core for 460 intervals
329892: soplex sAppRun[0].aiTIDs[0] (#4) was at 11-th core for 22 intervals
329893: namd sAppRun[3].aiTIDs[0] (#2) was at 10-th core for 28528 intervals
335976: soplex2 sAppRun[4].aiTIDs[0] (#3) was at 6-th core for 55647 intervals
335980: gamess sAppRun[2].aiTIDs[0] (#5) was at 3-th core for 10670 intervals
335980: soplex2 sAppRun[4].aiTIDs[0] (#4) was at -1-th core for 3 intervals
335981: soplex2 sAppRun[4].aiTIDs[0] (#4) was at 2-th core for 1 intervals
335985: gamess sAppRun[2].aiTIDs[0] (#5) was at 6-th core for 5 intervals
335985: sphinx2 sAppRun[5].aiTIDs[0] (#1) was at 7-th core for 35985 intervals
340343: sphinx sAppRun[1].aiTIDs[0] (#1) was at 15-th core for 60000 intervals
345370: namd2 sAppRun[7].aiTIDs[0] (#2) was at 2-th core for 60000 intervals
389870: gamess2 sAppRun[6].aiTIDs[0] (#5) was at 14-th core for 60000 intervals
389892: soplex sAppRun[0].aiTIDs[0] (#4) was at 10-th core for 60000 intervals
389893: namd sAppRun[3].aiTIDs[0] (#2) was at 11-th core for 60000 intervals
395981: soplex2 sAppRun[4].aiTIDs[0] (#4) was at 3-th core for 60000 intervals
395985: gamess sAppRun[2].aiTIDs[0] (#5) was at 7-th core for 60000 intervals
395985: sphinx2 sAppRun[5].aiTIDs[0] (#1) was at 6-th core for 60000 intervals
400343: sphinx sAppRun[1].aiTIDs[0] (#1) was at 15-th core for 60000 intervals
405370: namd2 sAppRun[7].aiTIDs[0] (#2) was at 2-th core for 60000 intervals
408241: gamess sAppRun[2].aiTIDs[0] (#5) was at 7-th core for 12256 intervals
408243: gamess sAppRun[2].aiTIDs[0] (#6) was at -1-th core for 1 intervals
408244: gamess sAppRun[2].aiTIDs[0] (#6) was at 2-th core for 1 intervals
411933: sphinx2 sAppRun[5].aiTIDs[0] (#1) was at 6-th core for 15948 intervals
411935: gamess sAppRun[2].aiTIDs[0] (#6) was at 7-th core for 3691 intervals
411935: sphinx2 sAppRun[5].aiTIDs[0] (#2) was at -1-th core for 1 intervals
411936: sphinx2 sAppRun[5].aiTIDs[0] (#2) was at 2-th core for 1 intervals
411965: gamess sAppRun[2].aiTIDs[0] (#6) was at 6-th core for 30 intervals
411965: sphinx2 sAppRun[5].aiTIDs[0] (#2) was at 7-th core for 29 intervals
412476: gamess2 sAppRun[6].aiTIDs[0] (#5) was at 14-th core for 22606 intervals
412480: gamess2 sAppRun[6].aiTIDs[0] (#6) was at -1-th core for 3 intervals
414242: sphinx sAppRun[1].aiTIDs[0] (#1) was at 15-th core for 13899 intervals
414244: gamess2 sAppRun[6].aiTIDs[0] (#6) was at 14-th core for 1764 intervals
414245: sphinx sAppRun[1].aiTIDs[0] (#2) was at -1-th core for 2 intervals
414249: gamess2 sAppRun[6].aiTIDs[0] (#6) was at 15-th core for 5 intervals
414250: soplex sAppRun[0].aiTIDs[0] (#4) was at 10-th core for 24358 intervals
446386: soplex sAppRun[0].aiTIDs[0] (#4) was at 15-th core for 32136 intervals
446387: namd2 sAppRun[7].aiTIDs[0] (#2) was at 2-th core for 41017 intervals
446388: soplex sAppRun[0].aiTIDs[0] (#5) was at -1-th core for 1 intervals
446404: gamess sAppRun[2].aiTIDs[0] (#6) was at 7-th core for 34439 intervals
446404: sphinx2 sAppRun[5].aiTIDs[0] (#2) was at 6-th core for 34439 intervals
449893: namd sAppRun[3].aiTIDs[0] (#2) was at 11-th core for 60000 intervals
450638: soplex2 sAppRun[4].aiTIDs[0] (#4) was at 3-th core for 54657 intervals
450640: soplex2 sAppRun[4].aiTIDs[0] (#5) was at -1-th core for 1 intervals
465018: namd2 sAppRun[7].aiTIDs[0] (#2) was at 15-th core for 18631 intervals
465021: namd2 sAppRun[7].aiTIDs[0] (#3) was at -1-th core for 2 intervals
474245: sphinx sAppRun[1].aiTIDs[0] (#2) was at 14-th core for 60000 intervals
474249: gamess2 sAppRun[6].aiTIDs[0] (#6) was at 10-th core for 60000 intervals
481523: namd sAppRun[3].aiTIDs[0] (#2) was at 11-th core for 31630 intervals
481525: namd sAppRun[3].aiTIDs[0] (#3) was at -1-th core for 1 intervals
491582: gamess sAppRun[2].aiTIDs[0] (#6) was at 6-th core for 45178 intervals
491584: gamess sAppRun[2].aiTIDs[0] (#7) was at -1-th core for 1 intervals
495583: gamess2 sAppRun[6].aiTIDs[0] (#6) was at 10-th core for 21334 intervals
495586: gamess2 sAppRun[6].aiTIDs[0] (#7) was at -1-th core for 2 intervals
506388: soplex sAppRun[0].aiTIDs[0] (#5) was at 2-th core for 60000 intervals
506404: sphinx2 sAppRun[5].aiTIDs[0] (#2) was at 7-th core for 60000 intervals
510640: soplex2 sAppRun[4].aiTIDs[0] (#5) was at 3-th core for 60000 intervals
525021: namd2 sAppRun[7].aiTIDs[0] (#3) was at 15-th core for 60000 intervals
534245: sphinx sAppRun[1].aiTIDs[0] (#2) was at 14-th core for 60000 intervals
541525: namd sAppRun[3].aiTIDs[0] (#3) was at 11-th core for 60000 intervals
551584: gamess sAppRun[2].aiTIDs[0] (#7) was at 6-th core for 60000 intervals
554861: soplex2 sAppRun[4].aiTIDs[0] (#5) was at 3-th core for 44221 intervals
554862: namd sAppRun[3].aiTIDs[0] (#3) was at 11-th core for 13337 intervals
554863: soplex sAppRun[0].aiTIDs[0] (#5) was at 2-th core for 48475 intervals
554863: soplex2 sAppRun[4].aiTIDs[0] (#6) was at -1-th core for 1 intervals
554884: soplex2 sAppRun[4].aiTIDs[0] (#6) was at 3-th core for 21 intervals
554884: gamess2 sAppRun[6].aiTIDs[0] (#7) was at 10-th core for 59298 intervals
566404: sphinx2 sAppRun[5].aiTIDs[0] (#2) was at 7-th core for 60000 intervals
567606: soplex sAppRun[0].aiTIDs[0] (#5) was at 11-th core for 12743 intervals
567607: gamess sAppRun[2].aiTIDs[0] (#7) was at 6-th core for 16023 intervals
567608: soplex sAppRun[0].aiTIDs[0] (#6) was at -1-th core for 1 intervals
567608: sphinx sAppRun[1].aiTIDs[0] (#2) was at 14-th core for 33363 intervals
567608: gamess2 sAppRun[6].aiTIDs[0] (#7) was at 3-th core for 12724 intervals
575546: gamess sAppRun[2].aiTIDs[0] (#7) was at 11-th core for 7939 intervals
575548: gamess sAppRun[2].aiTIDs[0] (#8) was at -1-th core for 1 intervals
578993: gamess2 sAppRun[6].aiTIDs[0] (#7) was at 14-th core for 11385 intervals
578995: gamess2 sAppRun[6].aiTIDs[0] (#8) was at -1-th core for 1 intervals
578996: gamess2 sAppRun[6].aiTIDs[0] (#8) was at 2-th core for 1 intervals
585021: namd2 sAppRun[7].aiTIDs[0] (#3) was at 15-th core for 60000 intervals
614862: namd sAppRun[3].aiTIDs[0] (#3) was at 2-th core for 60000 intervals
614884: soplex2 sAppRun[4].aiTIDs[0] (#6) was at 10-th core for 60000 intervals
626404: sphinx2 sAppRun[5].aiTIDs[0] (#2) was at 7-th core for 60000 intervals
627608: soplex sAppRun[0].aiTIDs[0] (#6) was at 6-th core for 60000 intervals
627608: sphinx sAppRun[1].aiTIDs[0] (#2) was at 3-th core for 60000 intervals
635548: gamess sAppRun[2].aiTIDs[0] (#8) was at 11-th core for 60000 intervals
638996: gamess2 sAppRun[6].aiTIDs[0] (#8) was at 14-th core for 60000 intervals
645021: namd2 sAppRun[7].aiTIDs[0] (#3) was at 15-th core for 60000 intervals
658550: gamess sAppRun[2].aiTIDs[0] (#8) was at 11-th core for 23002 intervals
658553: gamess sAppRun[2].aiTIDs[0] (#9) was at -1-th core for 2 intervals
662361: gamess2 sAppRun[6].aiTIDs[0] (#8) was at 14-th core for 23365 intervals
662363: gamess2 sAppRun[6].aiTIDs[0] (#9) was at -1-th core for 1 intervals
662364: gamess2 sAppRun[6].aiTIDs[0] (#9) was at 2-th core for 1 intervals
674862: namd sAppRun[3].aiTIDs[0] (#3) was at 2-th core for 60000 intervals
674884: soplex2 sAppRun[4].aiTIDs[0] (#6) was at 10-th core for 60000 intervals
686404: sphinx2 sAppRun[5].aiTIDs[0] (#2) was at 7-th core for 60000 intervals
687608: soplex sAppRun[0].aiTIDs[0] (#6) was at 6-th core for 60000 intervals
687608: sphinx sAppRun[1].aiTIDs[0] (#2) was at 3-th core for 60000 intervals
693368: soplex2 sAppRun[4].aiTIDs[0] (#6) was at 10-th core for 18484 intervals
693370: soplex2 sAppRun[4].aiTIDs[0] (#7) was at -1-th core for 1 intervals
704532: namd2 sAppRun[7].aiTIDs[0] (#3) was at 15-th core for 59511 intervals
704535: namd2 sAppRun[7].aiTIDs[0] (#4) was at -1-th core for 2 intervals
708622: soplex sAppRun[0].aiTIDs[0] (#6) was at 6-th core for 21014 intervals
708624: gamess sAppRun[2].aiTIDs[0] (#9) was at 11-th core for 50071 intervals
708625: soplex sAppRun[0].aiTIDs[0] (#7) was at -1-th core for 2 intervals
708625: gamess sAppRun[2].aiTIDs[0] (#9) was at 6-th core for 1 intervals
721604: namd sAppRun[3].aiTIDs[0] (#3) was at 2-th core for 46742 intervals
721606: namd sAppRun[3].aiTIDs[0] (#4) was at -1-th core for 1 intervals
722364: gamess2 sAppRun[6].aiTIDs[0] (#9) was at 14-th core for 60000 intervals
741442: gamess sAppRun[2].aiTIDs[0] (#9) was at 11-th core for 32817 intervals
741444: gamess sAppRun[2].aiTIDs[0] (#10) was at -1-th core for 1 intervals
741445: gamess sAppRun[2].aiTIDs[0] (#10) was at 2-th core for 1 intervals
745417: gamess2 sAppRun[6].aiTIDs[0] (#9) was at 14-th core for 23053 intervals
745419: gamess2 sAppRun[6].aiTIDs[0] (#10) was at -1-th core for 1 intervals
746404: sphinx2 sAppRun[5].aiTIDs[0] (#2) was at 7-th core for 60000 intervals
747608: sphinx sAppRun[1].aiTIDs[0] (#2) was at 3-th core for 60000 intervals
753370: soplex2 sAppRun[4].aiTIDs[0] (#7) was at 10-th core for 60000 intervals
764535: namd2 sAppRun[7].aiTIDs[0] (#4) was at 15-th core for 60000 intervals
768625: soplex sAppRun[0].aiTIDs[0] (#7) was at 6-th core for 60000 intervals
781606: namd sAppRun[3].aiTIDs[0] (#4) was at 2-th core for 60000 intervals
801445: gamess sAppRun[2].aiTIDs[0] (#10) was at 11-th core for 60000 intervals
805419: gamess2 sAppRun[6].aiTIDs[0] (#10) was at 14-th core for 60000 intervals
806404: sphinx2 sAppRun[5].aiTIDs[0] (#2) was at 7-th core for 60000 intervals
807608: sphinx sAppRun[1].aiTIDs[0] (#2) was at 3-th core for 60000 intervals
813370: soplex2 sAppRun[4].aiTIDs[0] (#7) was at 10-th core for 60000 intervals
824468: gamess sAppRun[2].aiTIDs[0] (#10) was at 11-th core for 23023 intervals
824470: gamess sAppRun[2].aiTIDs[0] (#11) was at -1-th core for 1 intervals
824535: namd2 sAppRun[7].aiTIDs[0] (#4) was at 15-th core for 60000 intervals
828515: gamess2 sAppRun[6].aiTIDs[0] (#10) was at 14-th core for 23096 intervals
828517: gamess2 sAppRun[6].aiTIDs[0] (#11) was at -1-th core for 1 intervals
828518: gamess2 sAppRun[6].aiTIDs[0] (#11) was at 2-th core for 1 intervals
828625: soplex sAppRun[0].aiTIDs[0] (#7) was at 6-th core for 60000 intervals
833567: soplex2 sAppRun[4].aiTIDs[0] (#7) was at 10-th core for 20197 intervals
833568: namd2 sAppRun[7].aiTIDs[0] (#4) was at 15-th core for 9033 intervals
833569: soplex2 sAppRun[4].aiTIDs[0] (#8) was at -1-th core for 1 intervals
833570: soplex2 sAppRun[4].aiTIDs[0] (#8) was at 2-th core for 1 intervals
833576: namd2 sAppRun[7].aiTIDs[0] (#4) was at 10-th core for 8 intervals
833577: sphinx2 sAppRun[5].aiTIDs[0] (#2) was at 7-th core for 27173 intervals
841606: namd sAppRun[3].aiTIDs[0] (#4) was at 2-th core for 60000 intervals
848692: soplex sAppRun[0].aiTIDs[0] (#7) was at 6-th core for 20067 intervals
848693: soplex sAppRun[0].aiTIDs[0] (#8) was at -1-th core for 1 intervals
867608: sphinx sAppRun[1].aiTIDs[0] (#2) was at 3-th core for 60000 intervals
884470: gamess sAppRun[2].aiTIDs[0] (#11) was at 11-th core for 60000 intervals
888518: gamess2 sAppRun[6].aiTIDs[0] (#11) was at 14-th core for 60000 intervals
893570: soplex2 sAppRun[4].aiTIDs[0] (#8) was at 15-th core for 60000 intervals
893576: namd2 sAppRun[7].aiTIDs[0] (#4) was at 7-th core for 60000 intervals
893577: sphinx2 sAppRun[5].aiTIDs[0] (#2) was at 10-th core for 60000 intervals
901606: namd sAppRun[3].aiTIDs[0] (#4) was at 2-th core for 60000 intervals
907637: gamess sAppRun[2].aiTIDs[0] (#11) was at 11-th core for 23167 intervals
907639: gamess sAppRun[2].aiTIDs[0] (#12) was at -1-th core for 1 intervals
908693: soplex sAppRun[0].aiTIDs[0] (#8) was at 6-th core for 60000 intervals
911708: gamess2 sAppRun[6].aiTIDs[0] (#11) was at 14-th core for 23190 intervals
911710: gamess2 sAppRun[6].aiTIDs[0] (#12) was at -1-th core for 1 intervals
927608: sphinx sAppRun[1].aiTIDs[0] (#2) was at 3-th core for 60000 intervals
938932: soplex2 sAppRun[4].aiTIDs[0] (#8) was at 15-th core for 45362 intervals
938935: namd sAppRun[3].aiTIDs[0] (#4) was at 2-th core for 37329 intervals
938935: soplex2 sAppRun[4].aiTIDs[0] (#9) was at -1-th core for 2 intervals
938937: namd2 sAppRun[7].aiTIDs[0] (#4) was at 7-th core for 45361 intervals
938938: soplex2 sAppRun[4].aiTIDs[0] (#9) was at 2-th core for 3 intervals
943664: namd2 sAppRun[7].aiTIDs[0] (#4) was at 2-th core for 4727 intervals
943666: namd2 sAppRun[7].aiTIDs[0] (#5) was at -1-th core for 1 intervals
944458: sphinx sAppRun[1].aiTIDs[0] (#2) was at 3-th core for 16850 intervals
944460: sphinx sAppRun[1].aiTIDs[0] (#3) was at -1-th core for 1 intervals
944460: namd2 sAppRun[7].aiTIDs[0] (#5) was at 2-th core for 794 intervals
944463: namd sAppRun[3].aiTIDs[0] (#4) was at 15-th core for 5528 intervals
944463: sphinx2 sAppRun[5].aiTIDs[0] (#2) was at 10-th core for 50886 intervals
949713: sphinx2 sAppRun[5].aiTIDs[0] (#2) was at 15-th core for 5250 intervals
949715: gamess2 sAppRun[6].aiTIDs[0] (#12) was at 14-th core for 38005 intervals
949716: sphinx2 sAppRun[5].aiTIDs[0] (#3) was at -1-th core for 2 intervals
949717: sphinx2 sAppRun[5].aiTIDs[0] (#3) was at 2-th core for 1 intervals
949717: gamess2 sAppRun[6].aiTIDs[0] (#12) was at 15-th core for 2 intervals
961672: namd sAppRun[3].aiTIDs[0] (#4) was at 10-th core for 17209 intervals
961674: namd sAppRun[3].aiTIDs[0] (#5) was at -1-th core for 1 intervals
961675: namd sAppRun[3].aiTIDs[0] (#5) was at 2-th core for 1 intervals
967639: gamess sAppRun[2].aiTIDs[0] (#12) was at 11-th core for 60000 intervals
968555: soplex sAppRun[0].aiTIDs[0] (#8) was at 6-th core for 59862 intervals
968557: soplex sAppRun[0].aiTIDs[0] (#9) was at -1-th core for 1 intervals
968557: namd2 sAppRun[7].aiTIDs[0] (#5) was at 3-th core for 24097 intervals
968559: soplex sAppRun[0].aiTIDs[0] (#9) was at 2-th core for 2 intervals
968566: soplex sAppRun[0].aiTIDs[0] (#9) was at 3-th core for 7 intervals
968566: namd sAppRun[3].aiTIDs[0] (#5) was at 10-th core for 6891 intervals
990523: gamess sAppRun[2].aiTIDs[0] (#12) was at 11-th core for 22884 intervals
990525: gamess sAppRun[2].aiTIDs[0] (#13) was at -1-th core for 1 intervals
995012: gamess2 sAppRun[6].aiTIDs[0] (#12) was at 14-th core for 45295 intervals
995014: gamess2 sAppRun[6].aiTIDs[0] (#13) was at -1-th core for 1 intervals
998938: soplex2 sAppRun[4].aiTIDs[0] (#9) was at 7-th core for 60000 intervals
1004460: sphinx sAppRun[1].aiTIDs[0] (#3) was at 2-th core for 60000 intervals
1009717: sphinx2 sAppRun[5].aiTIDs[0] (#3) was at 15-th core for 60000 intervals
1028557: namd2 sAppRun[7].aiTIDs[0] (#5) was at 6-th core for 60000 intervals
1028566: soplex sAppRun[0].aiTIDs[0] (#9) was at 10-th core for 60000 intervals
1028566: namd sAppRun[3].aiTIDs[0] (#5) was at 3-th core for 60000 intervals
1046814: soplex2 sAppRun[4].aiTIDs[0] (#9) was at 7-th core for 47876 intervals
1046816: namd2 sAppRun[7].aiTIDs[0] (#5) was at 6-th core for 18259 intervals
1046817: sphinx sAppRun[1].aiTIDs[0] (#3) was at 2-th core for 42357 intervals
1046817: soplex2 sAppRun[4].aiTIDs[0] (#10) was at -1-th core for 2 intervals
1046817: namd2 sAppRun[7].aiTIDs[0] (#5) was at 7-th core for 1 intervals
1050525: gamess sAppRun[2].aiTIDs[0] (#13) was at 11-th core for 60000 intervals
1055014: gamess2 sAppRun[6].aiTIDs[0] (#13) was at 14-th core for 60000 intervals
1069717: sphinx2 sAppRun[5].aiTIDs[0] (#3) was at 15-th core for 60000 intervals
1073834: gamess sAppRun[2].aiTIDs[0] (#13) was at 11-th core for 23309 intervals
1073836: gamess sAppRun[2].aiTIDs[0] (#14) was at -1-th core for 1 intervals
1078332: gamess2 sAppRun[6].aiTIDs[0] (#13) was at 14-th core for 23318 intervals
1078334: gamess2 sAppRun[6].aiTIDs[0] (#14) was at -1-th core for 1 intervals
1081801: soplex sAppRun[0].aiTIDs[0] (#9) was at 10-th core for 53235 intervals
1081803: soplex sAppRun[0].aiTIDs[0] (#10) was at -1-th core for 1 intervals
1081803: gamess sAppRun[2].aiTIDs[0] (#14) was at 11-th core for 7967 intervals
1081815: sphinx sAppRun[1].aiTIDs[0] (#3) was at 7-th core for 34998 intervals
1081815: gamess sAppRun[2].aiTIDs[0] (#14) was at 10-th core for 12 intervals
1088566: namd sAppRun[3].aiTIDs[0] (#5) was at 3-th core for 60000 intervals
1106817: soplex2 sAppRun[4].aiTIDs[0] (#10) was at 6-th core for 60000 intervals
1106817: namd2 sAppRun[7].aiTIDs[0] (#5) was at 2-th core for 60000 intervals
1129717: sphinx2 sAppRun[5].aiTIDs[0] (#3) was at 15-th core for 60000 intervals
1138334: gamess2 sAppRun[6].aiTIDs[0] (#14) was at 14-th core for 60000 intervals
1141803: soplex sAppRun[0].aiTIDs[0] (#10) was at 11-th core for 60000 intervals
1141815: sphinx sAppRun[1].aiTIDs[0] (#3) was at 10-th core for 60000 intervals
1141815: gamess sAppRun[2].aiTIDs[0] (#14) was at 7-th core for 60000 intervals
1148566: namd sAppRun[3].aiTIDs[0] (#5) was at 3-th core for 60000 intervals
1156756: gamess sAppRun[2].aiTIDs[0] (#14) was at 7-th core for 14941 intervals
1156759: gamess sAppRun[2].aiTIDs[0] (#15) was at -1-th core for 2 intervals
1156760: gamess sAppRun[2].aiTIDs[0] (#15) was at 2-th core for 1 intervals
1160968: soplex2 sAppRun[4].aiTIDs[0] (#10) was at 6-th core for 54151 intervals
1160970: soplex2 sAppRun[4].aiTIDs[0] (#11) was at -1-th core for 1 intervals
1161578: gamess2 sAppRun[6].aiTIDs[0] (#14) was at 14-th core for 23244 intervals
1161580: gamess2 sAppRun[6].aiTIDs[0] (#15) was at -1-th core for 1 intervals
1166817: namd2 sAppRun[7].aiTIDs[0] (#5) was at 2-th core for 60000 intervals
1184105: namd2 sAppRun[7].aiTIDs[0] (#5) was at 2-th core for 17288 intervals
1184107: namd2 sAppRun[7].aiTIDs[0] (#6) was at -1-th core for 1 intervals
1189717: sphinx2 sAppRun[5].aiTIDs[0] (#3) was at 15-th core for 60000 intervals
1189845: soplex sAppRun[0].aiTIDs[0] (#10) was at 11-th core for 48042 intervals
1189847: soplex sAppRun[0].aiTIDs[0] (#11) was at -1-th core for 1 intervals
1201815: sphinx sAppRun[1].aiTIDs[0] (#3) was at 10-th core for 60000 intervals
1202342: namd sAppRun[3].aiTIDs[0] (#5) was at 3-th core for 53776 intervals
1202344: namd sAppRun[3].aiTIDs[0] (#6) was at -1-th core for 1 intervals
1216760: gamess sAppRun[2].aiTIDs[0] (#15) was at 7-th core for 60000 intervals
1220970: soplex2 sAppRun[4].aiTIDs[0] (#11) was at 6-th core for 60000 intervals
1221580: gamess2 sAppRun[6].aiTIDs[0] (#15) was at 14-th core for 60000 intervals
1239691: gamess sAppRun[2].aiTIDs[0] (#15) was at 7-th core for 22931 intervals
1239693: gamess sAppRun[2].aiTIDs[0] (#16) was at -1-th core for 1 intervals
1239694: gamess sAppRun[2].aiTIDs[0] (#16) was at 2-th core for 1 intervals
1244107: namd2 sAppRun[7].aiTIDs[0] (#6) was at 2-th core for 60000 intervals
1244546: gamess2 sAppRun[6].aiTIDs[0] (#15) was at 14-th core for 22966 intervals
1244548: gamess2 sAppRun[6].aiTIDs[0] (#16) was at -1-th core for 1 intervals
1249717: sphinx2 sAppRun[5].aiTIDs[0] (#3) was at 15-th core for 60000 intervals
1249847: soplex sAppRun[0].aiTIDs[0] (#11) was at 11-th core for 60000 intervals
1261815: sphinx sAppRun[1].aiTIDs[0] (#3) was at 10-th core for 60000 intervals
1262344: namd sAppRun[3].aiTIDs[0] (#6) was at 3-th core for 60000 intervals
1271301: soplex2 sAppRun[4].aiTIDs[0] (#11) was at 6-th core for 50331 intervals
1271303: soplex2 sAppRun[4].aiTIDs[0] (#12) was at -1-th core for 1 intervals
1298157: soplex sAppRun[0].aiTIDs[0] (#11) was at 11-th core for 48310 intervals
1298158: gamess sAppRun[2].aiTIDs[0] (#16) was at 7-th core for 58464 intervals
1298159: soplex sAppRun[0].aiTIDs[0] (#12) was at -1-th core for 1 intervals
1298159: sphinx sAppRun[1].aiTIDs[0] (#3) was at 10-th core for 36344 intervals
1298160: soplex sAppRun[0].aiTIDs[0] (#12) was at 2-th core for 1 intervals
1298163: sphinx sAppRun[1].aiTIDs[0] (#3) was at 7-th core for 4 intervals
1298163: namd2 sAppRun[7].aiTIDs[0] (#6) was at 2-th core for 54056 intervals
1304548: gamess2 sAppRun[6].aiTIDs[0] (#16) was at 14-th core for 60000 intervals
1309717: sphinx2 sAppRun[5].aiTIDs[0] (#3) was at 15-th core for 60000 intervals
1322344: namd sAppRun[3].aiTIDs[0] (#6) was at 3-th core for 60000 intervals
1322797: gamess sAppRun[2].aiTIDs[0] (#16) was at 10-th core for 24639 intervals
1322799: gamess sAppRun[2].aiTIDs[0] (#17) was at -1-th core for 1 intervals
1327736: gamess2 sAppRun[6].aiTIDs[0] (#16) was at 14-th core for 23188 intervals
1327738: gamess2 sAppRun[6].aiTIDs[0] (#17) was at -1-th core for 1 intervals
1331303: soplex2 sAppRun[4].aiTIDs[0] (#12) was at 6-th core for 60000 intervals
1352246: sphinx2 sAppRun[5].aiTIDs[0] (#3) was at 15-th core for 42529 intervals
1352250: sphinx2 sAppRun[5].aiTIDs[0] (#4) was at -1-th core for 3 intervals
1352250: gamess2 sAppRun[6].aiTIDs[0] (#17) was at 14-th core for 24512 intervals
1352251: sphinx2 sAppRun[5].aiTIDs[0] (#4) was at 15-th core for 1 intervals
1352263: namd sAppRun[3].aiTIDs[0] (#6) was at 3-th core for 29919 intervals
1352263: sphinx2 sAppRun[5].aiTIDs[0] (#4) was at 14-th core for 12 intervals
1358160: soplex sAppRun[0].aiTIDs[0] (#12) was at 11-th core for 60000 intervals
1358163: sphinx sAppRun[1].aiTIDs[0] (#3) was at 2-th core for 60000 intervals
1358163: namd2 sAppRun[7].aiTIDs[0] (#6) was at 7-th core for 60000 intervals
1359831: sphinx sAppRun[1].aiTIDs[0] (#3) was at 2-th core for 1668 intervals
1359833: sphinx sAppRun[1].aiTIDs[0] (#4) was at -1-th core for 1 intervals
1359833: namd2 sAppRun[7].aiTIDs[0] (#6) was at 7-th core for 1670 intervals
1359834: sphinx sAppRun[1].aiTIDs[0] (#4) was at 2-th core for 1 intervals
1359843: namd2 sAppRun[7].aiTIDs[0] (#6) was at 2-th core for 10 intervals
1359844: soplex sAppRun[0].aiTIDs[0] (#12) was at 11-th core for 1684 intervals
1381075: soplex2 sAppRun[4].aiTIDs[0] (#12) was at 6-th core for 49772 intervals
1381077: soplex2 sAppRun[4].aiTIDs[0] (#13) was at -1-th core for 1 intervals
1381078: soplex2 sAppRun[4].aiTIDs[0] (#13) was at 2-th core for 1 intervals
1381078: gamess2 sAppRun[6].aiTIDs[0] (#17) was at 15-th core for 28828 intervals
1381079: sphinx sAppRun[1].aiTIDs[0] (#4) was at 7-th core for 21245 intervals
1381079: namd sAppRun[3].aiTIDs[0] (#6) was at 14-th core for 28816 intervals
1382799: gamess sAppRun[2].aiTIDs[0] (#17) was at 10-th core for 60000 intervals
1406004: gamess sAppRun[2].aiTIDs[0] (#17) was at 10-th core for 23205 intervals
1406006: gamess sAppRun[2].aiTIDs[0] (#18) was at -1-th core for 1 intervals
1410892: gamess2 sAppRun[6].aiTIDs[0] (#17) was at 6-th core for 29814 intervals
1410893: gamess2 sAppRun[6].aiTIDs[0] (#18) was at -1-th core for 1 intervals
1412263: sphinx2 sAppRun[5].aiTIDs[0] (#4) was at 3-th core for 60000 intervals
1419843: namd2 sAppRun[7].aiTIDs[0] (#6) was at 11-th core for 60000 intervals
1419844: soplex sAppRun[0].aiTIDs[0] (#12) was at 2-th core for 60000 intervals
1424132: namd2 sAppRun[7].aiTIDs[0] (#6) was at 11-th core for 4289 intervals
1424135: namd2 sAppRun[7].aiTIDs[0] (#7) was at -1-th core for 2 intervals
1424136: namd2 sAppRun[7].aiTIDs[0] (#7) was at 2-th core for 1 intervals
1432243: soplex sAppRun[0].aiTIDs[0] (#12) was at 2-th core for 12399 intervals
1432245: soplex sAppRun[0].aiTIDs[0] (#13) was at -1-th core for 1 intervals
1441078: soplex2 sAppRun[4].aiTIDs[0] (#13) was at 15-th core for 60000 intervals
1441079: sphinx sAppRun[1].aiTIDs[0] (#4) was at 14-th core for 60000 intervals
1441079: namd sAppRun[3].aiTIDs[0] (#6) was at 7-th core for 60000 intervals
1442339: namd sAppRun[3].aiTIDs[0] (#6) was at 7-th core for 1260 intervals
1442342: namd sAppRun[3].aiTIDs[0] (#7) was at -1-th core for 2 intervals
1466006: gamess sAppRun[2].aiTIDs[0] (#18) was at 10-th core for 60000 intervals
1470893: gamess2 sAppRun[6].aiTIDs[0] (#18) was at 6-th core for 60000 intervals
1472263: sphinx2 sAppRun[5].aiTIDs[0] (#4) was at 3-th core for 60000 intervals
1484136: namd2 sAppRun[7].aiTIDs[0] (#7) was at 11-th core for 60000 intervals
1489308: gamess sAppRun[2].aiTIDs[0] (#18) was at 10-th core for 23302 intervals
1489310: gamess sAppRun[2].aiTIDs[0] (#19) was at -1-th core for 1 intervals
1492245: soplex sAppRun[0].aiTIDs[0] (#13) was at 2-th core for 60000 intervals
1494839: gamess2 sAppRun[6].aiTIDs[0] (#18) was at 6-th core for 23946 intervals
1494842: gamess2 sAppRun[6].aiTIDs[0] (#19) was at -1-th core for 2 intervals
1494843: gamess2 sAppRun[6].aiTIDs[0] (#19) was at 2-th core for 1 intervals
1501078: soplex2 sAppRun[4].aiTIDs[0] (#13) was at 15-th core for 60000 intervals
1501079: sphinx sAppRun[1].aiTIDs[0] (#4) was at 14-th core for 60000 intervals
1502342: namd sAppRun[3].aiTIDs[0] (#7) was at 7-th core for 60000 intervals
1505021: soplex2 sAppRun[4].aiTIDs[0] (#13) was at 15-th core for 3943 intervals
1505023: soplex2 sAppRun[4].aiTIDs[0] (#14) was at -1-th core for 1 intervals
1532263: sphinx2 sAppRun[5].aiTIDs[0] (#4) was at 3-th core for 60000 intervals
1536780: soplex sAppRun[0].aiTIDs[0] (#13) was at 2-th core for 44535 intervals
1536782: soplex sAppRun[0].aiTIDs[0] (#14) was at -1-th core for 1 intervals
1544136: namd2 sAppRun[7].aiTIDs[0] (#7) was at 11-th core for 60000 intervals
1549310: gamess sAppRun[2].aiTIDs[0] (#19) was at 10-th core for 60000 intervals
1554843: gamess2 sAppRun[6].aiTIDs[0] (#19) was at 6-th core for 60000 intervals
1561079: sphinx sAppRun[1].aiTIDs[0] (#4) was at 14-th core for 60000 intervals
1562342: namd sAppRun[3].aiTIDs[0] (#7) was at 7-th core for 60000 intervals
1565023: soplex2 sAppRun[4].aiTIDs[0] (#14) was at 15-th core for 60000 intervals
1572518: gamess sAppRun[2].aiTIDs[0] (#19) was at 10-th core for 23208 intervals
1572520: gamess sAppRun[2].aiTIDs[0] (#20) was at -1-th core for 1 intervals
1578837: gamess2 sAppRun[6].aiTIDs[0] (#19) was at 6-th core for 23994 intervals
1578839: gamess2 sAppRun[6].aiTIDs[0] (#20) was at -1-th core for 1 intervals
1592263: sphinx2 sAppRun[5].aiTIDs[0] (#4) was at 3-th core for 60000 intervals
1596782: soplex sAppRun[0].aiTIDs[0] (#14) was at 2-th core for 60000 intervals
1604136: namd2 sAppRun[7].aiTIDs[0] (#7) was at 11-th core for 60000 intervals
1621079: sphinx sAppRun[1].aiTIDs[0] (#4) was at 14-th core for 60000 intervals
1622342: namd sAppRun[3].aiTIDs[0] (#7) was at 7-th core for 60000 intervals
1623772: soplex2 sAppRun[4].aiTIDs[0] (#14) was at 15-th core for 58749 intervals
1623775: soplex2 sAppRun[4].aiTIDs[0] (#15) was at -1-th core for 2 intervals
1632520: gamess sAppRun[2].aiTIDs[0] (#20) was at 10-th core for 60000 intervals
1638839: gamess2 sAppRun[6].aiTIDs[0] (#20) was at 6-th core for 60000 intervals
1641764: soplex sAppRun[0].aiTIDs[0] (#14) was at 2-th core for 44982 intervals
1641766: soplex sAppRun[0].aiTIDs[0] (#15) was at -1-th core for 1 intervals
1652263: sphinx2 sAppRun[5].aiTIDs[0] (#4) was at 3-th core for 60000 intervals
1655652: gamess sAppRun[2].aiTIDs[0] (#20) was at 10-th core for 23132 intervals
1655655: gamess sAppRun[2].aiTIDs[0] (#21) was at -1-th core for 2 intervals
1662746: gamess2 sAppRun[6].aiTIDs[0] (#20) was at 6-th core for 23907 intervals
1662747: gamess2 sAppRun[6].aiTIDs[0] (#21) was at -1-th core for 1 intervals
1664136: namd2 sAppRun[7].aiTIDs[0] (#7) was at 11-th core for 60000 intervals
1664773: namd2 sAppRun[7].aiTIDs[0] (#7) was at 11-th core for 637 intervals
1664776: namd2 sAppRun[7].aiTIDs[0] (#8) was at -1-th core for 2 intervals
1681079: sphinx sAppRun[1].aiTIDs[0] (#4) was at 14-th core for 60000 intervals
1682342: namd sAppRun[3].aiTIDs[0] (#7) was at 7-th core for 60000 intervals
1682995: namd sAppRun[3].aiTIDs[0] (#7) was at 7-th core for 653 intervals
1682997: namd sAppRun[3].aiTIDs[0] (#8) was at -1-th core for 1 intervals
1683775: soplex2 sAppRun[4].aiTIDs[0] (#15) was at 15-th core for 60000 intervals
1701766: soplex sAppRun[0].aiTIDs[0] (#15) was at 2-th core for 60000 intervals
1712263: sphinx2 sAppRun[5].aiTIDs[0] (#4) was at 3-th core for 60000 intervals
1715655: gamess sAppRun[2].aiTIDs[0] (#21) was at 10-th core for 60000 intervals
1722747: gamess2 sAppRun[6].aiTIDs[0] (#21) was at 6-th core for 60000 intervals
1724776: namd2 sAppRun[7].aiTIDs[0] (#8) was at 11-th core for 60000 intervals
1738883: gamess sAppRun[2].aiTIDs[0] (#21) was at 10-th core for 23228 intervals
1738886: gamess sAppRun[2].aiTIDs[0] (#22) was at -1-th core for 2 intervals
1738887: gamess sAppRun[2].aiTIDs[0] (#22) was at 2-th core for 1 intervals
1741079: sphinx sAppRun[1].aiTIDs[0] (#4) was at 14-th core for 60000 intervals
1742997: namd sAppRun[3].aiTIDs[0] (#8) was at 7-th core for 60000 intervals
1743749: soplex2 sAppRun[4].aiTIDs[0] (#15) was at 15-th core for 59974 intervals
1743751: soplex2 sAppRun[4].aiTIDs[0] (#16) was at -1-th core for 1 intervals
1743751: gamess2 sAppRun[6].aiTIDs[0] (#21) was at 6-th core for 21004 intervals
1743752: soplex2 sAppRun[4].aiTIDs[0] (#16) was at 6-th core for 1 intervals
1743752: namd2 sAppRun[7].aiTIDs[0] (#8) was at 11-th core for 18976 intervals
1746821: gamess2 sAppRun[6].aiTIDs[0] (#21) was at 15-th core for 3070 intervals
1746823: gamess2 sAppRun[6].aiTIDs[0] (#22) was at -1-th core for 1 intervals
1747013: soplex sAppRun[0].aiTIDs[0] (#15) was at 2-th core for 45247 intervals
1747015: soplex sAppRun[0].aiTIDs[0] (#16) was at -1-th core for 1 intervals
1772263: sphinx2 sAppRun[5].aiTIDs[0] (#4) was at 3-th core for 60000 intervals
1793211: sphinx2 sAppRun[5].aiTIDs[0] (#4) was at 3-th core for 20948 intervals
1793212: namd2 sAppRun[7].aiTIDs[0] (#8) was at 6-th core for 49460 intervals
1793213: sphinx2 sAppRun[5].aiTIDs[0] (#5) was at -1-th core for 1 intervals
1793234: sphinx2 sAppRun[5].aiTIDs[0] (#5) was at 6-th core for 21 intervals
1793234: gamess2 sAppRun[6].aiTIDs[0] (#22) was at 15-th core for 46411 intervals
1798887: gamess sAppRun[2].aiTIDs[0] (#22) was at 10-th core for 60000 intervals
1801079: sphinx sAppRun[1].aiTIDs[0] (#4) was at 14-th core for 60000 intervals
1802997: namd sAppRun[3].aiTIDs[0] (#8) was at 7-th core for 60000 intervals
1803752: soplex2 sAppRun[4].aiTIDs[0] (#16) was at 11-th core for 60000 intervals
1807015: soplex sAppRun[0].aiTIDs[0] (#16) was at 2-th core for 60000 intervals
1822022: gamess sAppRun[2].aiTIDs[0] (#22) was at 10-th core for 23135 intervals
1822025: gamess sAppRun[2].aiTIDs[0] (#23) was at -1-th core for 2 intervals
1830232: gamess2 sAppRun[6].aiTIDs[0] (#22) was at 6-th core for 36998 intervals
1830234: gamess2 sAppRun[6].aiTIDs[0] (#23) was at -1-th core for 2 intervals
1852621: soplex sAppRun[0].aiTIDs[0] (#16) was at 2-th core for 45606 intervals
1852623: soplex sAppRun[0].aiTIDs[0] (#17) was at -1-th core for 1 intervals
1852623: namd2 sAppRun[7].aiTIDs[0] (#8) was at 3-th core for 59411 intervals
1852624: soplex sAppRun[0].aiTIDs[0] (#17) was at 2-th core for 1 intervals
1852626: soplex2 sAppRun[4].aiTIDs[0] (#16) was at 11-th core for 48874 intervals
1852626: gamess2 sAppRun[6].aiTIDs[0] (#23) was at 6-th core for 22392 intervals
1853234: sphinx2 sAppRun[5].aiTIDs[0] (#5) was at 15-th core for 60000 intervals
1861079: sphinx sAppRun[1].aiTIDs[0] (#4) was at 14-th core for 60000 intervals
1862997: namd sAppRun[3].aiTIDs[0] (#8) was at 7-th core for 60000 intervals
1868843: soplex2 sAppRun[4].aiTIDs[0] (#16) was at 6-th core for 16217 intervals
1868844: namd sAppRun[3].aiTIDs[0] (#8) was at 7-th core for 5847 intervals
1868845: soplex2 sAppRun[4].aiTIDs[0] (#17) was at -1-th core for 1 intervals
1868846: soplex2 sAppRun[4].aiTIDs[0] (#17) was at 2-th core for 1 intervals
1868870: gamess sAppRun[2].aiTIDs[0] (#23) was at 10-th core for 46845 intervals
1868870: soplex2 sAppRun[4].aiTIDs[0] (#17) was at 7-th core for 24 intervals
1889051: sphinx sAppRun[1].aiTIDs[0] (#4) was at 14-th core for 27972 intervals
1889053: gamess2 sAppRun[6].aiTIDs[0] (#23) was at 11-th core for 36427 intervals
1889054: sphinx sAppRun[1].aiTIDs[0] (#5) was at -1-th core for 2 intervals
1889067: sphinx sAppRun[1].aiTIDs[0] (#5) was at 11-th core for 13 intervals
1889067: namd2 sAppRun[7].aiTIDs[0] (#8) was at 2-th core for 36444 intervals
1905170: gamess sAppRun[2].aiTIDs[0] (#23) was at 7-th core for 36300 intervals
